2025-10-28 21:29:49,229 INFO BasicBot initialized for base_url=https://testnet.binancefuture.com
2025-10-28 21:29:49,784 INFO Response 401 {"code":-2015,"msg":"Invalid API-key, IP, or permissions for action"}
2025-10-28 21:29:49,784 ERROR Error placing order: 401 Client Error: Unauthorized for url: https://testnet.binancefuture.com/fapi/v1/order?symbol=BTCUSDT&side=BUY&type=MARKET&quantity=0.001&reduceOnly=false&timestamp=1761667189229&signature=08aae14519634dca2b4dc88337cfaeaf68838c54b8199a7ccec11b8a666f891d
Traceback (most recent call last):
  File "D:\Projects\Mehraj_binance_bot\bot.py", line 36, in main
    r = bot.place_market_order(args.symbol, args.side, args.qty)
  File "D:\Projects\Mehraj_binance_bot\src\bot_core.py", line 58, in place_market_order
    return self._post("/fapi/v1/order", payload)
           ~~~~~~~~~~^^^^^^^^^^^^^^^^^^^^^^^^^^^
  File "D:\Projects\Mehraj_binance_bot\src\bot_core.py", line 42, in _post
    resp.raise_for_status()
    ~~~~~~~~~~~~~~~~~~~~~^^
  File "D:\Projects\Mehraj_binance_bot\venv\Lib\site-packages\requests\models.py", line 1026, in raise_for_status
    raise HTTPError(http_error_msg, response=self)
requests.exceptions.HTTPError: 401 Client Error: Unauthorized for url: https://testnet.binancefuture.com/fapi/v1/order?symbol=BTCUSDT&side=BUY&type=MARKET&quantity=0.001&reduceOnly=false&timestamp=1761667189229&signature=08aae14519634dca2b4dc88337cfaeaf68838c54b8199a7ccec11b8a666f891d
2025-10-29 18:26:22,858 INFO BasicBot initialized for base_url=https://testnet.binancefuture.com
2025-10-29 18:26:24,035 INFO Response 200 {"orderId":7712966200,"symbol":"BTCUSDT","status":"NEW","clientOrderId":"IJmTXjySKGtJlhJ47fa1y0","price":"0.00","avgPrice":"0.00","origQty":"0.001","executedQty":"0.000","cumQty":"0.000","cumQuote":"0.00000","timeInForce":"GTC","type":"MARKET","reduceOnly":false,"closePosition":false,"side":"BUY","positionSide":"BOTH","stopPrice":"0.00","workingType":"CONTRACT_PRICE","priceProtect":false,"origType":"MARKET","priceMatch":"NONE","selfTradePreventionMode":"EXPIRE_MAKER","goodTillDate":0,"updateTime":1761742583085}
2025-10-29 18:30:04,289 INFO BasicBot initialized for base_url=https://testnet.binancefuture.com
2025-10-29 18:30:05,223 INFO Response 400 {"code":-4024,"msg":"Limit price can't be lower than 107459.16."}
2025-10-29 18:30:05,223 ERROR Error placing order: 400 Client Error: Bad Request for url: https://testnet.binancefuture.com/fapi/v1/order?symbol=BTCUSDT&side=SELL&type=LIMIT&quantity=0.001&price=60000.0&timeInForce=GTC&reduceOnly=false&timestamp=1761742804289&signature=c7644496185f9e0a162531bcdce9e4a33794eeb2d6924ae573197b7ecaf15548
Traceback (most recent call last):
  File "D:\Projects\Mehraj_binance_bot\bot.py", line 40, in main
    r = bot.place_limit_order(args.symbol, args.side, args.qty, args.price)
  File "D:\Projects\Mehraj_binance_bot\src\bot_core.py", line 75, in place_limit_order
    return self._post("/fapi/v1/order", payload)
           ~~~~~~~~~~^^^^^^^^^^^^^^^^^^^^^^^^^^^
  File "D:\Projects\Mehraj_binance_bot\src\bot_core.py", line 42, in _post
    resp.raise_for_status()
    ~~~~~~~~~~~~~~~~~~~~~^^
  File "D:\Projects\Mehraj_binance_bot\venv\Lib\site-packages\requests\models.py", line 1026, in raise_for_status
    raise HTTPError(http_error_msg, response=self)
requests.exceptions.HTTPError: 400 Client Error: Bad Request for url: https://testnet.binancefuture.com/fapi/v1/order?symbol=BTCUSDT&side=SELL&type=LIMIT&quantity=0.001&price=60000.0&timeInForce=GTC&reduceOnly=false&timestamp=1761742804289&signature=c7644496185f9e0a162531bcdce9e4a33794eeb2d6924ae573197b7ecaf15548
2025-10-29 18:33:00,105 INFO BasicBot initialized for base_url=https://testnet.binancefuture.com
2025-10-29 18:33:01,098 INFO Response 400 {"code":-4024,"msg":"Limit price can't be lower than 107428.19."}
2025-10-29 18:33:01,099 ERROR Error placing order: 400 Client Error: Bad Request for url: https://testnet.binancefuture.com/fapi/v1/order?symbol=BTCUSDT&side=SELL&type=LIMIT&quantity=0.001&price=60000.0&timeInForce=GTC&reduceOnly=false&timestamp=1761742980105&signature=3971ecac2c01e4d0fcf38113a7b00efddd3656ca73f729ef6e723f7a04c14703
Traceback (most recent call last):
  File "D:\Projects\Mehraj_binance_bot\bot.py", line 40, in main
    r = bot.place_limit_order(args.symbol, args.side, args.qty, args.price)
  File "D:\Projects\Mehraj_binance_bot\src\bot_core.py", line 75, in place_limit_order
    return self._post("/fapi/v1/order", payload)
           ~~~~~~~~~~^^^^^^^^^^^^^^^^^^^^^^^^^^^
  File "D:\Projects\Mehraj_binance_bot\src\bot_core.py", line 42, in _post
    resp.raise_for_status()
    ~~~~~~~~~~~~~~~~~~~~~^^
  File "D:\Projects\Mehraj_binance_bot\venv\Lib\site-packages\requests\models.py", line 1026, in raise_for_status
    raise HTTPError(http_error_msg, response=self)
requests.exceptions.HTTPError: 400 Client Error: Bad Request for url: https://testnet.binancefuture.com/fapi/v1/order?symbol=BTCUSDT&side=SELL&type=LIMIT&quantity=0.001&price=60000.0&timeInForce=GTC&reduceOnly=false&timestamp=1761742980105&signature=3971ecac2c01e4d0fcf38113a7b00efddd3656ca73f729ef6e723f7a04c14703
2025-10-29 18:38:33,520 INFO BasicBot initialized for base_url=https://testnet.binancefuture.com
2025-10-29 18:38:34,310 INFO Response 400 {"code":-4164,"msg":"Order's notional must be no smaller than 100 (unless you choose reduce only)."}
2025-10-29 18:38:34,310 ERROR Error placing order: 400 Client Error: Bad Request for url: https://testnet.binancefuture.com/fapi/v1/order?symbol=BTCUSDT&side=SELL&type=STOP&quantity=0.001&price=61900.0&stopPrice=62000.0&timeInForce=GTC&reduceOnly=false&timestamp=1761743313520&signature=0a3dc680cf538bdb95f7f63bcac346ad33f26a4ffff21fafa63366f8d4247a2d
Traceback (most recent call last):
  File "D:\Projects\Mehraj_binance_bot\bot.py", line 44, in main
    r = bot.place_stop_limit_order(args.symbol, args.side, args.qty, args.stop_price, args.limit_price)
  File "D:\Projects\Mehraj_binance_bot\src\bot_core.py", line 93, in place_stop_limit_order
    return self._post("/fapi/v1/order", payload)
           ~~~~~~~~~~^^^^^^^^^^^^^^^^^^^^^^^^^^^
  File "D:\Projects\Mehraj_binance_bot\src\bot_core.py", line 42, in _post
    resp.raise_for_status()
    ~~~~~~~~~~~~~~~~~~~~~^^
  File "D:\Projects\Mehraj_binance_bot\venv\Lib\site-packages\requests\models.py", line 1026, in raise_for_status
    raise HTTPError(http_error_msg, response=self)
requests.exceptions.HTTPError: 400 Client Error: Bad Request for url: https://testnet.binancefuture.com/fapi/v1/order?symbol=BTCUSDT&side=SELL&type=STOP&quantity=0.001&price=61900.0&stopPrice=62000.0&timeInForce=GTC&reduceOnly=false&timestamp=1761743313520&signature=0a3dc680cf538bdb95f7f63bcac346ad33f26a4ffff21fafa63366f8d4247a2d
2025-10-29 18:39:12,013 INFO BasicBot initialized for base_url=https://testnet.binancefuture.com
2025-10-29 18:39:12,014 INFO Placing take-profit LIMIT order
2025-10-29 18:39:12,557 INFO Response 400 {"code":-4024,"msg":"Limit price can't be lower than 107575.96."}
2025-10-29 18:39:12,557 ERROR Error placing order: 400 Client Error: Bad Request for url: https://testnet.binancefuture.com/fapi/v1/order?symbol=BTCUSDT&side=SELL&type=LIMIT&quantity=0.001&price=64000.0&timeInForce=GTC&reduceOnly=true&timestamp=1761743352014&signature=ce81ec9acd1bea07a20020ef61ed08ff19a394f5e02778e41b38fe44b6006189
Traceback (most recent call last):
  File "D:\Projects\Mehraj_binance_bot\bot.py", line 48, in main
    r = bot.place_oco(args.symbol, args.side, args.qty, args.take_profit, args.stop_price, args.limit_price)
  File "D:\Projects\Mehraj_binance_bot\src\bot_core.py", line 106, in place_oco
    tp = self.place_limit_order(symbol, tp_side, quantity, take_profit_price, time_in_force="GTC", reduce_only=True)
  File "D:\Projects\Mehraj_binance_bot\src\bot_core.py", line 75, in place_limit_order
    return self._post("/fapi/v1/order", payload)
           ~~~~~~~~~~^^^^^^^^^^^^^^^^^^^^^^^^^^^
  File "D:\Projects\Mehraj_binance_bot\src\bot_core.py", line 42, in _post
    resp.raise_for_status()
    ~~~~~~~~~~~~~~~~~~~~~^^
  File "D:\Projects\Mehraj_binance_bot\venv\Lib\site-packages\requests\models.py", line 1026, in raise_for_status
    raise HTTPError(http_error_msg, response=self)
requests.exceptions.HTTPError: 400 Client Error: Bad Request for url: https://testnet.binancefuture.com/fapi/v1/order?symbol=BTCUSDT&side=SELL&type=LIMIT&quantity=0.001&price=64000.0&timeInForce=GTC&reduceOnly=true&timestamp=1761743352014&signature=ce81ec9acd1bea07a20020ef61ed08ff19a394f5e02778e41b38fe44b6006189
2025-10-29 18:40:09,696 INFO BasicBot initialized for base_url=https://testnet.binancefuture.com
2025-10-29 18:40:10,618 INFO Response 400 {"code":-4024,"msg":"Limit price can't be lower than 107629.68."}
2025-10-29 18:40:10,619 ERROR Error placing order: 400 Client Error: Bad Request for url: https://testnet.binancefuture.com/fapi/v1/order?symbol=BTCUSDT&side=SELL&type=LIMIT&quantity=0.001&price=70000.0&timeInForce=GTC&reduceOnly=false&timestamp=1761743409696&signature=50bdd570dcf8f29635f0a5dcc487aad7a1cc71da87bb14e90720fc489c406ba8
Traceback (most recent call last):
  File "D:\Projects\Mehraj_binance_bot\bot.py", line 40, in main
    r = bot.place_limit_order(args.symbol, args.side, args.qty, args.price)
  File "D:\Projects\Mehraj_binance_bot\src\bot_core.py", line 75, in place_limit_order
    return self._post("/fapi/v1/order", payload)
           ~~~~~~~~~~^^^^^^^^^^^^^^^^^^^^^^^^^^^
  File "D:\Projects\Mehraj_binance_bot\src\bot_core.py", line 42, in _post
    resp.raise_for_status()
    ~~~~~~~~~~~~~~~~~~~~~^^
  File "D:\Projects\Mehraj_binance_bot\venv\Lib\site-packages\requests\models.py", line 1026, in raise_for_status
    raise HTTPError(http_error_msg, response=self)
requests.exceptions.HTTPError: 400 Client Error: Bad Request for url: https://testnet.binancefuture.com/fapi/v1/order?symbol=BTCUSDT&side=SELL&type=LIMIT&quantity=0.001&price=70000.0&timeInForce=GTC&reduceOnly=false&timestamp=1761743409696&signature=50bdd570dcf8f29635f0a5dcc487aad7a1cc71da87bb14e90720fc489c406ba8
2025-10-29 18:42:01,348 INFO BasicBot initialized for base_url=https://testnet.binancefuture.com
2025-10-29 18:42:02,082 INFO Response 400 {"code":-4024,"msg":"Limit price can't be lower than 107659.46."}
2025-10-29 18:42:02,082 ERROR Error placing order: 400 Client Error: Bad Request for url: https://testnet.binancefuture.com/fapi/v1/order?symbol=BTCUSDT&side=SELL&type=LIMIT&quantity=0.001&price=70000.0&timeInForce=GTC&reduceOnly=false&timestamp=1761743521349&signature=0877891582c49665a7c1d7db37eb7dd2fad8fedf76d6bf1a93b06de9e1e9329c
Traceback (most recent call last):
  File "D:\Projects\Mehraj_binance_bot\bot.py", line 40, in main
    r = bot.place_limit_order(args.symbol, args.side, args.qty, args.price)
  File "D:\Projects\Mehraj_binance_bot\src\bot_core.py", line 75, in place_limit_order
    return self._post("/fapi/v1/order", payload)
           ~~~~~~~~~~^^^^^^^^^^^^^^^^^^^^^^^^^^^
  File "D:\Projects\Mehraj_binance_bot\src\bot_core.py", line 42, in _post
    resp.raise_for_status()
    ~~~~~~~~~~~~~~~~~~~~~^^
  File "D:\Projects\Mehraj_binance_bot\venv\Lib\site-packages\requests\models.py", line 1026, in raise_for_status
    raise HTTPError(http_error_msg, response=self)
requests.exceptions.HTTPError: 400 Client Error: Bad Request for url: https://testnet.binancefuture.com/fapi/v1/order?symbol=BTCUSDT&side=SELL&type=LIMIT&quantity=0.001&price=70000.0&timeInForce=GTC&reduceOnly=false&timestamp=1761743521349&signature=0877891582c49665a7c1d7db37eb7dd2fad8fedf76d6bf1a93b06de9e1e9329c
2025-10-29 19:07:52,650 INFO BasicBot initialized for base_url=https://testnet.binancefuture.com
2025-10-29 19:07:53,609 INFO Response 200 {"orderId":7717905330,"symbol":"BTCUSDT","status":"NEW","clientOrderId":"knrt03ghpkldWuj0UImkZv","price":"0.00","avgPrice":"0.00","origQty":"0.001","executedQty":"0.000","cumQty":"0.000","cumQuote":"0.00000","timeInForce":"GTC","type":"MARKET","reduceOnly":false,"closePosition":false,"side":"BUY","positionSide":"BOTH","stopPrice":"0.00","workingType":"CONTRACT_PRICE","priceProtect":false,"origType":"MARKET","priceMatch":"NONE","selfTradePreventionMode":"EXPIRE_MAKER","goodTillDate":0,"updateTime":1761745072632}
2025-10-29 19:10:25,360 INFO BasicBot initialized for base_url=https://testnet.binancefuture.com
2025-10-29 19:10:26,187 INFO Response 400 {"code":-4024,"msg":"Limit price can't be lower than 107298.33."}
2025-10-29 19:10:26,188 ERROR Error placing order: 400 Client Error: Bad Request for url: https://testnet.binancefuture.com/fapi/v1/order?symbol=BTCUSDT&side=SELL&type=LIMIT&quantity=0.001&price=60000.0&timeInForce=GTC&reduceOnly=false&timestamp=1761745225360&signature=8edf80aeddee20c6ffcad1f7a67e2fe909ee6e7cd9d45f53eec1f46dd996e68c
Traceback (most recent call last):
  File "D:\Projects\Mehraj_binance_bot\bot.py", line 40, in main
    r = bot.place_limit_order(args.symbol, args.side, args.qty, args.price)
  File "D:\Projects\Mehraj_binance_bot\src\bot_core.py", line 75, in place_limit_order
    return self._post("/fapi/v1/order", payload)
           ~~~~~~~~~~^^^^^^^^^^^^^^^^^^^^^^^^^^^
  File "D:\Projects\Mehraj_binance_bot\src\bot_core.py", line 42, in _post
    resp.raise_for_status()
    ~~~~~~~~~~~~~~~~~~~~~^^
  File "D:\Projects\Mehraj_binance_bot\venv\Lib\site-packages\requests\models.py", line 1026, in raise_for_status
    raise HTTPError(http_error_msg, response=self)
requests.exceptions.HTTPError: 400 Client Error: Bad Request for url: https://testnet.binancefuture.com/fapi/v1/order?symbol=BTCUSDT&side=SELL&type=LIMIT&quantity=0.001&price=60000.0&timeInForce=GTC&reduceOnly=false&timestamp=1761745225360&signature=8edf80aeddee20c6ffcad1f7a67e2fe909ee6e7cd9d45f53eec1f46dd996e68c
2025-10-29 19:13:37,570 INFO BasicBot initialized for base_url=https://testnet.binancefuture.com
2025-10-29 19:13:38,456 INFO Response 400 {"code":-4024,"msg":"Limit price can't be lower than 107264.60."}
2025-10-29 19:13:38,457 ERROR Error placing order: 400 Client Error: Bad Request for url: https://testnet.binancefuture.com/fapi/v1/order?symbol=BTCUSDT&side=SELL&type=LIMIT&quantity=0.001&price=68000.0&timeInForce=GTC&reduceOnly=false&timestamp=1761745417570&signature=5c507c615141ea8309f3cf4248190f7b18fe5db97feebdbc56d05501fdfc3d88
Traceback (most recent call last):
  File "D:\Projects\Mehraj_binance_bot\bot.py", line 40, in main
    r = bot.place_limit_order(args.symbol, args.side, args.qty, args.price)
  File "D:\Projects\Mehraj_binance_bot\src\bot_core.py", line 75, in place_limit_order
    return self._post("/fapi/v1/order", payload)
           ~~~~~~~~~~^^^^^^^^^^^^^^^^^^^^^^^^^^^
  File "D:\Projects\Mehraj_binance_bot\src\bot_core.py", line 42, in _post
    resp.raise_for_status()
    ~~~~~~~~~~~~~~~~~~~~~^^
  File "D:\Projects\Mehraj_binance_bot\venv\Lib\site-packages\requests\models.py", line 1026, in raise_for_status
    raise HTTPError(http_error_msg, response=self)
requests.exceptions.HTTPError: 400 Client Error: Bad Request for url: https://testnet.binancefuture.com/fapi/v1/order?symbol=BTCUSDT&side=SELL&type=LIMIT&quantity=0.001&price=68000.0&timeInForce=GTC&reduceOnly=false&timestamp=1761745417570&signature=5c507c615141ea8309f3cf4248190f7b18fe5db97feebdbc56d05501fdfc3d88
2025-10-29 19:13:52,249 INFO BasicBot initialized for base_url=https://testnet.binancefuture.com
2025-10-29 19:13:52,789 INFO Response 400 {"code":-4164,"msg":"Order's notional must be no smaller than 100 (unless you choose reduce only)."}
2025-10-29 19:13:52,789 ERROR Error placing order: 400 Client Error: Bad Request for url: https://testnet.binancefuture.com/fapi/v1/order?symbol=BTCUSDT&side=BUY&type=LIMIT&quantity=0.001&price=65000.0&timeInForce=GTC&reduceOnly=false&timestamp=1761745432249&signature=c1db63e9af58d729eb44a8be6625a516f23e6391aa58d1bacdf3f71d2a84555a
Traceback (most recent call last):
  File "D:\Projects\Mehraj_binance_bot\bot.py", line 40, in main
    r = bot.place_limit_order(args.symbol, args.side, args.qty, args.price)
  File "D:\Projects\Mehraj_binance_bot\src\bot_core.py", line 75, in place_limit_order
    return self._post("/fapi/v1/order", payload)
           ~~~~~~~~~~^^^^^^^^^^^^^^^^^^^^^^^^^^^
  File "D:\Projects\Mehraj_binance_bot\src\bot_core.py", line 42, in _post
    resp.raise_for_status()
    ~~~~~~~~~~~~~~~~~~~~~^^
  File "D:\Projects\Mehraj_binance_bot\venv\Lib\site-packages\requests\models.py", line 1026, in raise_for_status
    raise HTTPError(http_error_msg, response=self)
requests.exceptions.HTTPError: 400 Client Error: Bad Request for url: https://testnet.binancefuture.com/fapi/v1/order?symbol=BTCUSDT&side=BUY&type=LIMIT&quantity=0.001&price=65000.0&timeInForce=GTC&reduceOnly=false&timestamp=1761745432249&signature=c1db63e9af58d729eb44a8be6625a516f23e6391aa58d1bacdf3f71d2a84555a
2025-10-29 19:14:23,102 INFO BasicBot initialized for base_url=https://testnet.binancefuture.com
2025-10-29 19:14:23,860 INFO Response 400 {"code":-4024,"msg":"Limit price can't be lower than 107312."}
2025-10-29 19:14:23,860 ERROR Error placing order: 400 Client Error: Bad Request for url: https://testnet.binancefuture.com/fapi/v1/order?symbol=BTCUSDT&side=SELL&type=LIMIT&quantity=0.001&price=10000.0&timeInForce=GTC&reduceOnly=false&timestamp=1761745463102&signature=8ba6f91a7c2c39f1438dec5207518d4b27a00fb376c1b6e713f1dbc6cd7360c4
Traceback (most recent call last):
  File "D:\Projects\Mehraj_binance_bot\bot.py", line 40, in main
    r = bot.place_limit_order(args.symbol, args.side, args.qty, args.price)
  File "D:\Projects\Mehraj_binance_bot\src\bot_core.py", line 75, in place_limit_order
    return self._post("/fapi/v1/order", payload)
           ~~~~~~~~~~^^^^^^^^^^^^^^^^^^^^^^^^^^^
  File "D:\Projects\Mehraj_binance_bot\src\bot_core.py", line 42, in _post
    resp.raise_for_status()
    ~~~~~~~~~~~~~~~~~~~~~^^
  File "D:\Projects\Mehraj_binance_bot\venv\Lib\site-packages\requests\models.py", line 1026, in raise_for_status
    raise HTTPError(http_error_msg, response=self)
requests.exceptions.HTTPError: 400 Client Error: Bad Request for url: https://testnet.binancefuture.com/fapi/v1/order?symbol=BTCUSDT&side=SELL&type=LIMIT&quantity=0.001&price=10000.0&timeInForce=GTC&reduceOnly=false&timestamp=1761745463102&signature=8ba6f91a7c2c39f1438dec5207518d4b27a00fb376c1b6e713f1dbc6cd7360c4
2025-10-29 19:14:53,488 INFO BasicBot initialized for base_url=https://testnet.binancefuture.com
2025-10-29 19:14:54,375 INFO Response 200 {"orderId":7718725181,"symbol":"BTCUSDT","status":"NEW","clientOrderId":"UvWl6GMF80YTvvgtSpdEvj","price":"0.00","avgPrice":"0.00","origQty":"0.001","executedQty":"0.000","cumQty":"0.000","cumQuote":"0.00000","timeInForce":"GTC","type":"MARKET","reduceOnly":false,"closePosition":false,"side":"BUY","positionSide":"BOTH","stopPrice":"0.00","workingType":"CONTRACT_PRICE","priceProtect":false,"origType":"MARKET","priceMatch":"NONE","selfTradePreventionMode":"EXPIRE_MAKER","goodTillDate":0,"updateTime":1761745493413}
2025-10-29 19:15:27,864 INFO BasicBot initialized for base_url=https://testnet.binancefuture.com
2025-10-29 19:15:28,679 INFO Response 400 {"code":-4024,"msg":"Limit price can't be lower than 107315.18."}
2025-10-29 19:15:28,679 ERROR Error placing order: 400 Client Error: Bad Request for url: https://testnet.binancefuture.com/fapi/v1/order?symbol=BTCUSDT&side=SELL&type=LIMIT&quantity=0.001&price=68000.0&timeInForce=GTC&reduceOnly=false&timestamp=1761745527864&signature=222c8243a7b6061289569473a5f52763b250b9d74f9a6f0d22bee2866c8b762a
Traceback (most recent call last):
  File "D:\Projects\Mehraj_binance_bot\bot.py", line 40, in main
    r = bot.place_limit_order(args.symbol, args.side, args.qty, args.price)
  File "D:\Projects\Mehraj_binance_bot\src\bot_core.py", line 75, in place_limit_order
    return self._post("/fapi/v1/order", payload)
           ~~~~~~~~~~^^^^^^^^^^^^^^^^^^^^^^^^^^^
  File "D:\Projects\Mehraj_binance_bot\src\bot_core.py", line 42, in _post
    resp.raise_for_status()
    ~~~~~~~~~~~~~~~~~~~~~^^
  File "D:\Projects\Mehraj_binance_bot\venv\Lib\site-packages\requests\models.py", line 1026, in raise_for_status
    raise HTTPError(http_error_msg, response=self)
requests.exceptions.HTTPError: 400 Client Error: Bad Request for url: https://testnet.binancefuture.com/fapi/v1/order?symbol=BTCUSDT&side=SELL&type=LIMIT&quantity=0.001&price=68000.0&timeInForce=GTC&reduceOnly=false&timestamp=1761745527864&signature=222c8243a7b6061289569473a5f52763b250b9d74f9a6f0d22bee2866c8b762a
2025-10-29 19:15:35,112 INFO BasicBot initialized for base_url=https://testnet.binancefuture.com
2025-10-29 19:15:36,051 INFO Response 400 {"code":-4164,"msg":"Order's notional must be no smaller than 100 (unless you choose reduce only)."}
2025-10-29 19:15:36,051 ERROR Error placing order: 400 Client Error: Bad Request for url: https://testnet.binancefuture.com/fapi/v1/order?symbol=BTCUSDT&side=BUY&type=LIMIT&quantity=0.001&price=65000.0&timeInForce=GTC&reduceOnly=false&timestamp=1761745535113&signature=ea2cb27eeeb6d60c2aeec8d389001638f979e66b7dd46b23433fee365205ed48
Traceback (most recent call last):
  File "D:\Projects\Mehraj_binance_bot\bot.py", line 40, in main
    r = bot.place_limit_order(args.symbol, args.side, args.qty, args.price)
  File "D:\Projects\Mehraj_binance_bot\src\bot_core.py", line 75, in place_limit_order
    return self._post("/fapi/v1/order", payload)
           ~~~~~~~~~~^^^^^^^^^^^^^^^^^^^^^^^^^^^
  File "D:\Projects\Mehraj_binance_bot\src\bot_core.py", line 42, in _post
    resp.raise_for_status()
    ~~~~~~~~~~~~~~~~~~~~~^^
  File "D:\Projects\Mehraj_binance_bot\venv\Lib\site-packages\requests\models.py", line 1026, in raise_for_status
    raise HTTPError(http_error_msg, response=self)
requests.exceptions.HTTPError: 400 Client Error: Bad Request for url: https://testnet.binancefuture.com/fapi/v1/order?symbol=BTCUSDT&side=BUY&type=LIMIT&quantity=0.001&price=65000.0&timeInForce=GTC&reduceOnly=false&timestamp=1761745535113&signature=ea2cb27eeeb6d60c2aeec8d389001638f979e66b7dd46b23433fee365205ed48
2025-10-29 19:20:59,751 INFO BasicBot initialized for base_url=https://testnet.binancefuture.com
2025-10-29 19:21:00,610 INFO Response 400 {"code":-4164,"msg":"Order's notional must be no smaller than 100 (unless you choose reduce only)."}
2025-10-29 19:21:00,611 ERROR Binance HTTP Error: {"code":-4164,"msg":"Order's notional must be no smaller than 100 (unless you choose reduce only)."}
2025-10-29 19:28:27,341 INFO BasicBot initialized for base_url=https://testnet.binancefuture.com
2025-10-29 19:28:28,015 INFO Response 200 {"orderId":7720335576,"symbol":"BTCUSDT","status":"NEW","clientOrderId":"J1ZU8J5DunlR3pRsttfB7I","price":"0.00","avgPrice":"0.00","origQty":"0.001","executedQty":"0.000","cumQty":"0.000","cumQuote":"0.00000","timeInForce":"GTC","type":"MARKET","reduceOnly":false,"closePosition":false,"side":"BUY","positionSide":"BOTH","stopPrice":"0.00","workingType":"CONTRACT_PRICE","priceProtect":false,"origType":"MARKET","priceMatch":"NONE","selfTradePreventionMode":"EXPIRE_MAKER","goodTillDate":0,"updateTime":1761746307037}
2025-10-29 19:28:59,601 INFO BasicBot initialized for base_url=https://testnet.binancefuture.com
2025-10-29 19:29:00,269 INFO Response 400 {"code":-1111,"msg":"Precision is over the maximum defined for this asset."}
2025-10-29 19:29:00,269 ERROR Binance HTTP Error: {"code":-1111,"msg":"Precision is over the maximum defined for this asset."}
2025-10-29 19:31:24,268 INFO BasicBot initialized for base_url=https://testnet.binancefuture.com
2025-10-29 19:31:25,064 INFO Response 400 {"code":-4024,"msg":"Limit price can't be lower than 107039.23."}
2025-10-29 19:31:25,065 ERROR Binance HTTP Error: {"code":-4024,"msg":"Limit price can't be lower than 107039.23."}
2025-10-29 19:32:39,832 INFO BasicBot initialized for base_url=https://testnet.binancefuture.com
2025-10-29 19:32:40,473 INFO Response 200 {"orderId":7720825843,"symbol":"BTCUSDT","status":"NEW","clientOrderId":"DtHhbHT9f7yK6E2dALzjLT","price":"107500.00","avgPrice":"0.00","origQty":"0.001","executedQty":"0.000","cumQty":"0.000","cumQuote":"0.00000","timeInForce":"GTC","type":"LIMIT","reduceOnly":false,"closePosition":false,"side":"SELL","positionSide":"BOTH","stopPrice":"0.00","workingType":"CONTRACT_PRICE","priceProtect":false,"origType":"LIMIT","priceMatch":"NONE","selfTradePreventionMode":"EXPIRE_MAKER","goodTillDate":0,"updateTime":1761746559516}
2025-10-29 19:43:55,265 INFO BasicBot initialized for base_url=https://testnet.binancefuture.com
2025-10-29 19:43:55,265 ERROR Error placing order: Price required for limit/stop-limit/OCO orders
Traceback (most recent call last):
  File "D:\Projects\Mehraj_binance_bot\bot.py", line 41, in main
    raise ValueError("Price required for limit/stop-limit/OCO orders")
ValueError: Price required for limit/stop-limit/OCO orders
2025-10-29 19:53:52,461 INFO BasicBot initialized for base_url=https://testnet.binancefuture.com
2025-10-29 19:53:52,462 ERROR Error placing order: Price required for limit/stop-limit/OCO orders
Traceback (most recent call last):
  File "D:\Projects\Mehraj_binance_bot\bot.py", line 41, in main
    raise ValueError("Price required for limit/stop-limit/OCO orders")
ValueError: Price required for limit/stop-limit/OCO orders
2025-10-29 19:57:16,902 INFO BasicBot initialized for base_url=https://testnet.binancefuture.com
2025-10-29 19:57:16,902 ERROR Error placing order: Price required for limit/stop-limit/OCO orders
Traceback (most recent call last):
  File "D:\Projects\Mehraj_binance_bot\bot.py", line 41, in main
    raise ValueError("Price required for limit/stop-limit/OCO orders")
ValueError: Price required for limit/stop-limit/OCO orders
2025-10-29 20:01:30,138 INFO BasicBot initialized for base_url=https://testnet.binancefuture.com
2025-10-29 20:01:31,150 INFO Response 400 {"code":-1116,"msg":"Invalid orderType."}
2025-10-29 20:01:31,152 ERROR Binance HTTP Error: {"code":-1116,"msg":"Invalid orderType."}
2025-10-29 20:05:16,141 INFO BasicBot initialized for base_url=https://testnet.binancefuture.com
2025-10-29 20:05:19,305 INFO Response 400 {"code":-1116,"msg":"Invalid orderType."}
2025-10-29 20:05:19,305 ERROR Binance HTTP Error: {"code":-1116,"msg":"Invalid orderType."}
2025-10-29 20:05:35,272 INFO BasicBot initialized for base_url=https://testnet.binancefuture.com
2025-10-29 20:05:37,981 INFO Response 200 {"orderId":7724707462,"symbol":"BTCUSDT","status":"NEW","clientOrderId":"Dt3Fcqc9voWDxTRH4NcRCn","price":"107500.00","avgPrice":"0.00","origQty":"0.001","executedQty":"0.000","cumQty":"0.000","cumQuote":"0.00000","timeInForce":"GTC","type":"LIMIT","reduceOnly":false,"closePosition":false,"side":"SELL","positionSide":"BOTH","stopPrice":"0.00","workingType":"CONTRACT_PRICE","priceProtect":false,"origType":"LIMIT","priceMatch":"NONE","selfTradePreventionMode":"EXPIRE_MAKER","goodTillDate":0,"updateTime":1761748536860}
2025-10-29 20:07:05,165 INFO BasicBot initialized for base_url=https://testnet.binancefuture.com
2025-10-29 20:07:09,190 INFO Response 400 {"code":-1116,"msg":"Invalid orderType."}
2025-10-29 20:07:09,190 ERROR Binance HTTP Error: {"code":-1116,"msg":"Invalid orderType."}
2025-10-29 20:07:29,815 INFO BasicBot initialized for base_url=https://testnet.binancefuture.com
2025-10-29 20:07:32,286 INFO Response 400 {"code":-1116,"msg":"Invalid orderType."}
2025-10-29 20:07:32,287 ERROR Binance HTTP Error: {"code":-1116,"msg":"Invalid orderType."}
2025-10-29 20:09:08,562 INFO BasicBot initialized for base_url=https://testnet.binancefuture.com
2025-10-29 20:09:11,716 INFO Response 200 {"orderId":7725132588,"symbol":"BTCUSDT","status":"NEW","clientOrderId":"EQvALJI4VZQnJYQuiILgtF","price":"106400.00","avgPrice":"0.00","origQty":"0.001","executedQty":"0.000","cumQty":"0.000","cumQuote":"0.00000","timeInForce":"GTC","type":"STOP","reduceOnly":false,"closePosition":false,"side":"SELL","positionSide":"BOTH","stopPrice":"106500.00","workingType":"CONTRACT_PRICE","priceProtect":false,"origType":"STOP","priceMatch":"NONE","selfTradePreventionMode":"EXPIRE_MAKER","goodTillDate":0,"updateTime":1761748750497}
2025-10-29 20:15:38,962 INFO BasicBot initialized for base_url=https://testnet.binancefuture.com
2025-10-29 20:15:41,043 INFO Placing take-profit LIMIT order
2025-10-29 20:15:43,133 INFO Response 400 {"code":-4024,"msg":"Limit price can't be lower than 106925.26."}
2025-10-29 20:15:43,135 ERROR Binance HTTP Error: {"code":-4024,"msg":"Limit price can't be lower than 106925.26."}
2025-10-29 20:17:54,207 INFO BasicBot initialized for base_url=https://testnet.binancefuture.com
2025-10-29 20:17:55,747 INFO Placing take-profit LIMIT order
2025-10-29 20:17:57,990 INFO Response 400 {"code":-4002,"msg":"Price greater than max price."}
2025-10-29 20:17:57,991 ERROR Binance HTTP Error: {"code":-4002,"msg":"Price greater than max price."}
2025-10-29 20:18:48,946 INFO BasicBot initialized for base_url=https://testnet.binancefuture.com
2025-10-29 20:18:52,461 INFO Placing take-profit LIMIT order
2025-10-29 20:18:55,128 INFO Response 200 {"orderId":7726323897,"symbol":"BTCUSDT","status":"NEW","clientOrderId":"PJlVFGnegvbg8iAJWTei8K","price":"107500.00","avgPrice":"0.00","origQty":"0.001","executedQty":"0.000","cumQty":"0.000","cumQuote":"0.00000","timeInForce":"GTC","type":"LIMIT","reduceOnly":true,"closePosition":false,"side":"SELL","positionSide":"BOTH","stopPrice":"0.00","workingType":"CONTRACT_PRICE","priceProtect":false,"origType":"LIMIT","priceMatch":"NONE","selfTradePreventionMode":"EXPIRE_MAKER","goodTillDate":0,"updateTime":1761749334077}
2025-10-29 20:18:55,130 INFO Placing stop-limit (stop-loss) order
2025-10-29 20:18:58,178 INFO Response 200 {"orderId":7726328424,"symbol":"BTCUSDT","status":"NEW","clientOrderId":"AS7yXNQm73seTCzCjjM2nw","price":"106700.00","avgPrice":"0.00","origQty":"0.001","executedQty":"0.000","cumQty":"0.000","cumQuote":"0.00000","timeInForce":"GTC","type":"STOP","reduceOnly":true,"closePosition":false,"side":"SELL","positionSide":"BOTH","stopPrice":"106800.00","workingType":"CONTRACT_PRICE","priceProtect":false,"origType":"STOP","priceMatch":"NONE","selfTradePreventionMode":"EXPIRE_MAKER","goodTillDate":0,"updateTime":1761749337211}
2025-10-29 20:22:12,289 INFO BasicBot initialized for base_url=https://testnet.binancefuture.com
2025-10-29 20:22:15,734 INFO Response 200 {"orderId":7726711535,"symbol":"BTCUSDT","status":"NEW","clientOrderId":"Qj65X9PjooCBj6kcPnwd0R","price":"0.00","avgPrice":"0.00","origQty":"0.001","executedQty":"0.000","cumQty":"0.000","cumQuote":"0.00000","timeInForce":"GTC","type":"MARKET","reduceOnly":false,"closePosition":false,"side":"BUY","positionSide":"BOTH","stopPrice":"0.00","workingType":"CONTRACT_PRICE","priceProtect":false,"origType":"MARKET","priceMatch":"NONE","selfTradePreventionMode":"EXPIRE_MAKER","goodTillDate":0,"updateTime":1761749534701}
2025-10-29 20:22:23,642 INFO BasicBot initialized for base_url=https://testnet.binancefuture.com
2025-10-29 20:22:27,304 INFO Response 200 {"orderId":7726736311,"symbol":"BTCUSDT","status":"NEW","clientOrderId":"XdkO86P4Ddtpt9aJz3zG4I","price":"107500.00","avgPrice":"0.00","origQty":"0.001","executedQty":"0.000","cumQty":"0.000","cumQuote":"0.00000","timeInForce":"GTC","type":"LIMIT","reduceOnly":false,"closePosition":false,"side":"SELL","positionSide":"BOTH","stopPrice":"0.00","workingType":"CONTRACT_PRICE","priceProtect":false,"origType":"LIMIT","priceMatch":"NONE","selfTradePreventionMode":"EXPIRE_MAKER","goodTillDate":0,"updateTime":1761749546138}
2025-10-29 20:22:37,114 INFO BasicBot initialized for base_url=https://testnet.binancefuture.com
2025-10-29 20:22:39,455 INFO Response 200 {"orderId":7726764991,"symbol":"BTCUSDT","status":"NEW","clientOrderId":"EqPaiRe34Pg1XrUiUzyCMb","price":"106400.00","avgPrice":"0.00","origQty":"0.001","executedQty":"0.000","cumQty":"0.000","cumQuote":"0.00000","timeInForce":"GTC","type":"STOP","reduceOnly":false,"closePosition":false,"side":"SELL","positionSide":"BOTH","stopPrice":"106500.00","workingType":"CONTRACT_PRICE","priceProtect":false,"origType":"STOP","priceMatch":"NONE","selfTradePreventionMode":"EXPIRE_MAKER","goodTillDate":0,"updateTime":1761749558471}
2025-10-29 20:22:47,720 INFO BasicBot initialized for base_url=https://testnet.binancefuture.com
2025-10-29 20:22:50,246 INFO Placing take-profit LIMIT order
2025-10-29 20:22:53,903 INFO Response 200 {"orderId":7726795983,"symbol":"BTCUSDT","status":"NEW","clientOrderId":"sc57pAPPWs9lMIquPfoz1J","price":"107500.00","avgPrice":"0.00","origQty":"0.001","executedQty":"0.000","cumQty":"0.000","cumQuote":"0.00000","timeInForce":"GTC","type":"LIMIT","reduceOnly":true,"closePosition":false,"side":"SELL","positionSide":"BOTH","stopPrice":"0.00","workingType":"CONTRACT_PRICE","priceProtect":false,"origType":"LIMIT","priceMatch":"NONE","selfTradePreventionMode":"EXPIRE_MAKER","goodTillDate":0,"updateTime":1761749572937}
2025-10-29 20:22:53,906 INFO Placing stop-limit (stop-loss) order
2025-10-29 20:22:57,220 INFO Response 200 {"orderId":7726801046,"symbol":"BTCUSDT","status":"NEW","clientOrderId":"NO3nhmRqqngtihFfv7lw83","price":"106700.00","avgPrice":"0.00","origQty":"0.001","executedQty":"0.000","cumQty":"0.000","cumQuote":"0.00000","timeInForce":"GTC","type":"STOP","reduceOnly":true,"closePosition":false,"side":"SELL","positionSide":"BOTH","stopPrice":"106800.00","workingType":"CONTRACT_PRICE","priceProtect":false,"origType":"STOP","priceMatch":"NONE","selfTradePreventionMode":"EXPIRE_MAKER","goodTillDate":0,"updateTime":1761749576120}
2025-10-29 20:26:13,850 INFO BasicBot initialized for base_url=https://testnet.binancefuture.com
2025-10-29 20:26:15,729 INFO Response 200 {"orderId":7727196820,"symbol":"BTCUSDT","status":"NEW","clientOrderId":"8dM0b3PRYSfkLxtpnkrg00","price":"0.00","avgPrice":"0.00","origQty":"0.001","executedQty":"0.000","cumQty":"0.000","cumQuote":"0.00000","timeInForce":"GTC","type":"MARKET","reduceOnly":false,"closePosition":false,"side":"BUY","positionSide":"BOTH","stopPrice":"0.00","workingType":"CONTRACT_PRICE","priceProtect":false,"origType":"MARKET","priceMatch":"NONE","selfTradePreventionMode":"EXPIRE_MAKER","goodTillDate":0,"updateTime":1761749774745}
2025-10-29 20:26:16,067 INFO BasicBot initialized for base_url=https://testnet.binancefuture.com
2025-10-29 20:26:19,244 INFO Response 200 {"orderId":7727201718,"symbol":"BTCUSDT","status":"NEW","clientOrderId":"gyHwva0h50eojOP5WSTNqz","price":"107500.00","avgPrice":"0.00","origQty":"0.001","executedQty":"0.000","cumQty":"0.000","cumQuote":"0.00000","timeInForce":"GTC","type":"LIMIT","reduceOnly":false,"closePosition":false,"side":"SELL","positionSide":"BOTH","stopPrice":"0.00","workingType":"CONTRACT_PRICE","priceProtect":false,"origType":"LIMIT","priceMatch":"NONE","selfTradePreventionMode":"EXPIRE_MAKER","goodTillDate":0,"updateTime":1761749778279}
2025-10-29 20:26:19,534 INFO BasicBot initialized for base_url=https://testnet.binancefuture.com
2025-10-29 20:26:21,444 INFO Response 200 {"orderId":7727205730,"symbol":"BTCUSDT","status":"NEW","clientOrderId":"UlQvfDBmdi7sl6ZbQ8vdNZ","price":"106400.00","avgPrice":"0.00","origQty":"0.001","executedQty":"0.000","cumQty":"0.000","cumQuote":"0.00000","timeInForce":"GTC","type":"STOP","reduceOnly":false,"closePosition":false,"side":"SELL","positionSide":"BOTH","stopPrice":"106500.00","workingType":"CONTRACT_PRICE","priceProtect":false,"origType":"STOP","priceMatch":"NONE","selfTradePreventionMode":"EXPIRE_MAKER","goodTillDate":0,"updateTime":1761749780485}
2025-10-29 20:26:27,586 INFO BasicBot initialized for base_url=https://testnet.binancefuture.com
2025-10-29 20:26:28,870 INFO Placing take-profit LIMIT order
2025-10-29 20:26:31,737 INFO Response 200 {"orderId":7727231488,"symbol":"BTCUSDT","status":"NEW","clientOrderId":"tnMy1I0csE4uWHKaQGdAeL","price":"107500.00","avgPrice":"0.00","origQty":"0.001","executedQty":"0.000","cumQty":"0.000","cumQuote":"0.00000","timeInForce":"GTC","type":"LIMIT","reduceOnly":true,"closePosition":false,"side":"SELL","positionSide":"BOTH","stopPrice":"0.00","workingType":"CONTRACT_PRICE","priceProtect":false,"origType":"LIMIT","priceMatch":"NONE","selfTradePreventionMode":"EXPIRE_MAKER","goodTillDate":0,"updateTime":1761749790725}
2025-10-29 20:26:31,739 INFO Placing stop-limit (stop-loss) order
2025-10-29 20:26:33,543 INFO Response 200 {"orderId":7727235417,"symbol":"BTCUSDT","status":"NEW","clientOrderId":"uR13Hr5EWioK12v8Cez5Hc","price":"106700.00","avgPrice":"0.00","origQty":"0.001","executedQty":"0.000","cumQty":"0.000","cumQuote":"0.00000","timeInForce":"GTC","type":"STOP","reduceOnly":true,"closePosition":false,"side":"SELL","positionSide":"BOTH","stopPrice":"106800.00","workingType":"CONTRACT_PRICE","priceProtect":false,"origType":"STOP","priceMatch":"NONE","selfTradePreventionMode":"EXPIRE_MAKER","goodTillDate":0,"updateTime":1761749792563}
2025-10-29 20:30:55,098 INFO BasicBot initialized for base_url=https://testnet.binancefuture.com
2025-10-29 20:30:56,349 INFO Placing take-profit LIMIT order
2025-10-29 20:30:58,365 INFO Response 200 {"orderId":7727777482,"symbol":"BTCUSDT","status":"NEW","clientOrderId":"bAjQIFNv3f5Zc04hdNsBQw","price":"107500.00","avgPrice":"0.00","origQty":"0.001","executedQty":"0.000","cumQty":"0.000","cumQuote":"0.00000","timeInForce":"GTC","type":"LIMIT","reduceOnly":true,"closePosition":false,"side":"SELL","positionSide":"BOTH","stopPrice":"0.00","workingType":"CONTRACT_PRICE","priceProtect":false,"origType":"LIMIT","priceMatch":"NONE","selfTradePreventionMode":"EXPIRE_MAKER","goodTillDate":0,"updateTime":1761750057421}
2025-10-29 20:30:58,365 INFO Placing stop-limit (stop-loss) order
2025-10-29 20:30:59,667 INFO Response 200 {"orderId":7727780210,"symbol":"BTCUSDT","status":"NEW","clientOrderId":"ssgkgYiGIxGmgnFlEGtfFy","price":"106700.00","avgPrice":"0.00","origQty":"0.001","executedQty":"0.000","cumQty":"0.000","cumQuote":"0.00000","timeInForce":"GTC","type":"STOP","reduceOnly":true,"closePosition":false,"side":"SELL","positionSide":"BOTH","stopPrice":"106800.00","workingType":"CONTRACT_PRICE","priceProtect":false,"origType":"STOP","priceMatch":"NONE","selfTradePreventionMode":"EXPIRE_MAKER","goodTillDate":0,"updateTime":1761750058694}
